c:\users\jon10\onedrive\documents\github\sdl projects\robot game\interview\release\vc143.pdb
c:\users\jon10\onedrive\documents\github\sdl projects\robot game\interview\release\main.obj
c:\users\jon10\onedrive\documents\github\sdl projects\robot game\release\interview.exe
c:\users\jon10\onedrive\documents\github\sdl projects\robot game\release\interview.pdb
c:\users\jon10\onedrive\documents\github\sdl projects\robot game\interview\release\interview.ipdb
c:\users\jon10\onedrive\documents\github\sdl projects\robot game\interview\release\interview.iobj
c:\users\jon10\onedrive\documents\github\sdl projects\robot game\robotgame\interview\release\main.obj
c:\users\jon10\onedrive\documents\github\sdl projects\robot game\robotgame\interview\release\interview.ipdb
c:\users\jon10\onedrive\documents\github\sdl projects\robot game\robotgame\interview\release\interview.iobj
c:\users\jon10\onedrive\documents\github\sdl projects\robot game\robotgame\interview\release\vc143.pdb
c:\users\jon10\onedrive\documents\github\sdl projects\robot game\robotgame\release\interview.pdb
c:\users\jon10\onedrive\documents\github\sdl projects\robot game\robotgame\release\interview.exe
c:\users\jon10\onedrive\documents\github\sdl projects\robot game\robotgame\interview\release\interview.tlog\cl.command.1.tlog
c:\users\jon10\onedrive\documents\github\sdl projects\robot game\robotgame\interview\release\interview.tlog\cl.items.tlog
c:\users\jon10\onedrive\documents\github\sdl projects\robot game\robotgame\interview\release\interview.tlog\cl.read.1.tlog
c:\users\jon10\onedrive\documents\github\sdl projects\robot game\robotgame\interview\release\interview.tlog\cl.write.1.tlog
c:\users\jon10\onedrive\documents\github\sdl projects\robot game\robotgame\interview\release\interview.tlog\link.command.1.tlog
c:\users\jon10\onedrive\documents\github\sdl projects\robot game\robotgame\interview\release\interview.tlog\link.read.1.tlog
c:\users\jon10\onedrive\documents\github\sdl projects\robot game\robotgame\interview\release\interview.tlog\link.secondary.1.tlog
c:\users\jon10\onedrive\documents\github\sdl projects\robot game\robotgame\interview\release\interview.tlog\link.write.1.tlog
